# JRE version: OpenJDK Runtime Environment (11.0.5+10) (build 11.0.5+10)
# Java VM: OpenJDK 64-Bit Server VM (11.0.5+10, mixed mode, tiered, compressed oops, g1 gc, bsd-amd64)
Heap:
 garbage-first heap   total 262144K, used 79096K [0x0000000700000000, 0x0000000800000000)
  region size 1024K, 59 young (60416K), 11 survivors (11264K)
 Metaspace       used 45702K, capacity 47379K, committed 47568K, reserved 1089536K
  class space    used 6008K, capacity 6754K, committed 6784K, reserved 1048576K
GC Heap History (12 events):
Event: 1.967 GC heap before
{Heap before GC invocations=0 (full 0):
 garbage-first heap   total 262144K, used 28672K [0x0000000700000000, 0x0000000800000000)
  region size 1024K, 24 young (24576K), 0 survivors (0K)
 Metaspace       used 10994K, capacity 11264K, committed 11392K, reserved 1058816K
  class space    used 1006K, capacity 1093K, committed 1152K, reserved 1048576K
}
Event: 1.973 GC heap after
{Heap after GC invocations=1 (full 0):
 garbage-first heap   total 262144K, used 14716K [0x0000000700000000, 0x0000000800000000)
  region size 1024K, 3 young (3072K), 3 survivors (3072K)
 Metaspace       used 10994K, capacity 11264K, committed 11392K, reserved 1058816K
  class space    used 1006K, capacity 1093K, committed 1152K, reserved 1048576K
}
Event: 3.358 GC heap before
{Heap before GC invocations=1 (full 0):
 garbage-first heap   total 262144K, used 128380K [0x0000000700000000, 0x0000000800000000)
  region size 1024K, 115 young (117760K), 3 survivors (3072K)
 Metaspace       used 20494K, capacity 21046K, committed 21296K, reserved 1069056K
  class space    used 2323K, capacity 2573K, committed 2688K, reserved 1048576K
}
Event: 3.365 GC heap after
{Heap after GC invocations=2 (full 0):
 garbage-first heap   total 262144K, used 17341K [0x0000000700000000, 0x0000000800000000)
  region size 1024K, 6 young (6144K), 6 survivors (6144K)
 Metaspace       used 20494K, capacity 21046K, committed 21296K, reserved 1069056K
  class space    used 2323K, capacity 2573K, committed 2688K, reserved 1048576K
}
Event: 3.535 GC heap before
{Heap before GC invocations=3 (full 0):
 garbage-first heap   total 262144K, used 36797K [0x0000000700000000, 0x0000000800000000)
  region size 1024K, 25 young (25600K), 6 survivors (6144K)
 Metaspace       used 21392K, capacity 21960K, committed 22320K, reserved 1069056K
  class space    used 2412K, capacity 2641K, committed 2688K, reserved 1048576K
}
Event: 3.540 GC heap after
{Heap after GC invocations=4 (full 0):
 garbage-first heap   total 262144K, used 18453K [0x0000000700000000, 0x0000000800000000)
  region size 1024K, 1 young (1024K), 1 survivors (1024K)
 Metaspace       used 21392K, capacity 21960K, committed 22320K, reserved 1069056K
  class space    used 2412K, capacity 2641K, committed 2688K, reserved 1048576K
}
Event: 4.333 GC heap before
{Heap before GC invocations=4 (full 0):
 garbage-first heap   total 262144K, used 130069K [0x0000000700000000, 0x0000000800000000)
  region size 1024K, 111 young (113664K), 1 survivors (1024K)
 Metaspace       used 29642K, capacity 30389K, committed 30640K, reserved 1077248K
  class space    used 3437K, capacity 3761K, committed 3840K, reserved 1048576K
}
Event: 4.336 GC heap after
{Heap after GC invocations=5 (full 0):
 garbage-first heap   total 262144K, used 21853K [0x0000000700000000, 0x0000000800000000)
  region size 1024K, 5 young (5120K), 5 survivors (5120K)
 Metaspace       used 29642K, capacity 30389K, committed 30640K, reserved 1077248K
  class space    used 3437K, capacity 3761K, committed 3840K, reserved 1048576K
}
Event: 4.915 GC heap before
{Heap before GC invocations=5 (full 0):
 garbage-first heap   total 262144K, used 116061K [0x0000000700000000, 0x0000000800000000)
  region size 1024K, 99 young (101376K), 5 survivors (5120K)
 Metaspace       used 34878K, capacity 35831K, committed 35920K, reserved 1081344K
  class space    used 4372K, capacity 4801K, committed 4864K, reserved 1048576K
}
Event: 4.922 GC heap after
{Heap after GC invocations=6 (full 0):
 garbage-first heap   total 262144K, used 24200K [0x0000000700000000, 0x0000000800000000)
  region size 1024K, 7 young (7168K), 7 survivors (7168K)
 Metaspace       used 34878K, capacity 35831K, committed 35920K, reserved 1081344K
  class space    used 4372K, capacity 4801K, committed 4864K, reserved 1048576K
}
Event: 7.188 GC heap before
{Heap before GC invocations=7 (full 0):
 garbage-first heap   total 262144K, used 163464K [0x0000000700000000, 0x0000000800000000)
  region size 1024K, 141 young (144384K), 7 survivors (7168K)
 Metaspace       used 42139K, capacity 43703K, committed 43984K, reserved 1087488K
  class space    used 5567K, capacity 6236K, committed 6272K, reserved 1048576K
}
Event: 7.201 GC heap after
{Heap after GC invocations=8 (full 0):
 garbage-first heap   total 262144K, used 30968K [0x0000000700000000, 0x0000000800000000)
  region size 1024K, 11 young (11264K), 11 survivors (11264K)
 Metaspace       used 42139K, capacity 43703K, committed 43984K, reserved 1087488K
  class space    used 5567K, capacity 6236K, committed 6272K, reserved 1048576K
}

