# JRE version: OpenJDK Runtime Environment (11.0.5+10) (build 11.0.5+10)
# Java VM: OpenJDK 64-Bit Server VM (11.0.5+10, mixed mode, tiered, compressed oops, g1 gc, bsd-amd64)
Heap:
 garbage-first heap   total 262144K, used 54272K [0x0000000700000000, 0x0000000800000000)
  region size 1024K, 40 young (40960K), 14 survivors (14336K)
 Metaspace       used 43322K, capacity 45037K, committed 45392K, reserved 1087488K
  class space    used 5815K, capacity 6552K, committed 6656K, reserved 1048576K
GC Heap History (14 events):
Event: 0.653 GC heap before
{Heap before GC invocations=0 (full 0):
 garbage-first heap   total 262144K, used 28672K [0x0000000700000000, 0x0000000800000000)
  region size 1024K, 24 young (24576K), 0 survivors (0K)
 Metaspace       used 10982K, capacity 11263K, committed 11392K, reserved 1058816K
  class space    used 1005K, capacity 1093K, committed 1152K, reserved 1048576K
}
Event: 0.659 GC heap after
{Heap after GC invocations=1 (full 0):
 garbage-first heap   total 262144K, used 14818K [0x0000000700000000, 0x0000000800000000)
  region size 1024K, 3 young (3072K), 3 survivors (3072K)
 Metaspace       used 10982K, capacity 11263K, committed 11392K, reserved 1058816K
  class space    used 1005K, capacity 1093K, committed 1152K, reserved 1048576K
}
Event: 1.022 GC heap before
{Heap before GC invocations=1 (full 0):
 garbage-first heap   total 262144K, used 37346K [0x0000000700000000, 0x0000000800000000)
  region size 1024K, 25 young (25600K), 3 survivors (3072K)
 Metaspace       used 12990K, capacity 13356K, committed 13568K, reserved 1060864K
  class space    used 1261K, capacity 1413K, committed 1536K, reserved 1048576K
}
Event: 1.025 GC heap after
{Heap after GC invocations=2 (full 0):
 garbage-first heap   total 262144K, used 15104K [0x0000000700000000, 0x0000000800000000)
  region size 1024K, 1 young (1024K), 1 survivors (1024K)
 Metaspace       used 12990K, capacity 13356K, committed 13568K, reserved 1060864K
  class space    used 1261K, capacity 1413K, committed 1536K, reserved 1048576K
}
Event: 1.713 GC heap before
{Heap before GC invocations=2 (full 0):
 garbage-first heap   total 262144K, used 69376K [0x0000000700000000, 0x0000000800000000)
  region size 1024K, 54 young (55296K), 1 survivors (1024K)
 Metaspace       used 16975K, capacity 17394K, committed 17664K, reserved 1064960K
  class space    used 1832K, capacity 2018K, committed 2048K, reserved 1048576K
}
Event: 1.714 GC heap after
{Heap after GC invocations=3 (full 0):
 garbage-first heap   total 262144K, used 16102K [0x0000000700000000, 0x0000000800000000)
  region size 1024K, 2 young (2048K), 2 survivors (2048K)
 Metaspace       used 16975K, capacity 17394K, committed 17664K, reserved 1064960K
  class space    used 1832K, capacity 2018K, committed 2048K, reserved 1048576K
}
Event: 2.116 GC heap before
{Heap before GC invocations=3 (full 0):
 garbage-first heap   total 262144K, used 55014K [0x0000000700000000, 0x0000000800000000)
  region size 1024K, 41 young (41984K), 2 survivors (2048K)
 Metaspace       used 20487K, capacity 21030K, committed 21296K, reserved 1069056K
  class space    used 2340K, capacity 2589K, committed 2688K, reserved 1048576K
}
Event: 2.118 GC heap after
{Heap after GC invocations=4 (full 0):
 garbage-first heap   total 262144K, used 17457K [0x0000000700000000, 0x0000000800000000)
  region size 1024K, 3 young (3072K), 3 survivors (3072K)
 Metaspace       used 20487K, capacity 21030K, committed 21296K, reserved 1069056K
  class space    used 2340K, capacity 2589K, committed 2688K, reserved 1048576K
}
Event: 2.843 GC heap before
{Heap before GC invocations=5 (full 0):
 garbage-first heap   total 262144K, used 121905K [0x0000000700000000, 0x0000000800000000)
  region size 1024K, 106 young (108544K), 3 survivors (3072K)
 Metaspace       used 28050K, capacity 28694K, committed 29104K, reserved 1075200K
  class space    used 3226K, capacity 3516K, committed 3584K, reserved 1048576K
}
Event: 2.847 GC heap after
{Heap after GC invocations=6 (full 0):
 garbage-first heap   total 262144K, used 20634K [0x0000000700000000, 0x0000000800000000)
  region size 1024K, 6 young (6144K), 6 survivors (6144K)
 Metaspace       used 28050K, capacity 28694K, committed 29104K, reserved 1075200K
  class space    used 3226K, capacity 3516K, committed 3584K, reserved 1048576K
}
Event: 3.509 GC heap before
{Heap before GC invocations=6 (full 0):
 garbage-first heap   total 262144K, used 139418K [0x0000000700000000, 0x0000000800000000)
  region size 1024K, 124 young (126976K), 6 survivors (6144K)
 Metaspace       used 34926K, capacity 35855K, committed 35920K, reserved 1081344K
  class space    used 4378K, capacity 4808K, committed 4864K, reserved 1048576K
}
Event: 3.516 GC heap after
{Heap after GC invocations=7 (full 0):
 garbage-first heap   total 262144K, used 23845K [0x0000000700000000, 0x0000000800000000)
  region size 1024K, 9 young (9216K), 9 survivors (9216K)
 Metaspace       used 34926K, capacity 35855K, committed 35920K, reserved 1081344K
  class space    used 4378K, capacity 4808K, committed 4864K, reserved 1048576K
}
Event: 9.946 GC heap before
{Heap before GC invocations=8 (full 0):
 garbage-first heap   total 262144K, used 164133K [0x0000000700000000, 0x0000000800000000)
  region size 1024K, 146 young (149504K), 9 survivors (9216K)
 Metaspace       used 42003K, capacity 43516K, committed 43856K, reserved 1087488K
  class space    used 5608K, capacity 6280K, committed 6400K, reserved 1048576K
}
Event: 9.955 GC heap after
{Heap after GC invocations=9 (full 0):
 garbage-first heap   total 262144K, used 28672K [0x0000000700000000, 0x0000000800000000)
  region size 1024K, 14 young (14336K), 14 survivors (14336K)
 Metaspace       used 42003K, capacity 43516K, committed 43856K, reserved 1087488K
  class space    used 5608K, capacity 6280K, committed 6400K, reserved 1048576K
}

